TN:
SF:/home/marcos/projetos/verity/debcredAPI/src/app/controllers/payableController.js
FN:1,_interopRequireDefault
FN:12,(anonymous_1)
FN:20,(anonymous_2)
FNF:3
FNH:1
FNDA:6,_interopRequireDefault
FNDA:0,(anonymous_1)
FNDA:0,(anonymous_2)
DA:1,6
DA:2,2
DA:3,2
DA:5,2
DA:7,2
DA:13,0
DA:21,0
LF:7
LH:5
BRDA:1,0,0,4
BRDA:1,0,1,2
BRDA:1,1,0,6
BRDA:1,1,1,6
BRF:4
BRH:4
end_of_record
TN:
SF:/home/marcos/projetos/verity/debcredAPI/src/app/controllers/sessionController.js
FN:1,_interopRequireDefault
FN:9,(anonymous_1)
FNF:2
FNH:2
FNDA:6,_interopRequireDefault
FNDA:3,(anonymous_1)
DA:1,6
DA:2,2
DA:3,2
DA:5,2
DA:7,2
DA:10,3
LF:6
LH:6
BRDA:1,0,0,4
BRDA:1,0,1,2
BRDA:1,1,0,6
BRDA:1,1,1,6
BRF:4
BRH:4
end_of_record
TN:
SF:/home/marcos/projetos/verity/debcredAPI/src/app/controllers/transactionController.js
FN:1,_interopRequireDefault
FN:9,(anonymous_1)
FN:17,(anonymous_2)
FNF:3
FNH:1
FNDA:6,_interopRequireDefault
FNDA:0,(anonymous_1)
FNDA:0,(anonymous_2)
DA:1,6
DA:2,2
DA:3,2
DA:5,2
DA:7,2
DA:10,0
DA:18,0
LF:7
LH:5
BRDA:1,0,0,4
BRDA:1,0,1,2
BRDA:1,1,0,6
BRDA:1,1,1,6
BRF:4
BRH:4
end_of_record
TN:
SF:/home/marcos/projetos/verity/debcredAPI/src/app/controllers/userController.js
FN:1,_interopRequireDefault
FN:9,(anonymous_1)
FN:13,(anonymous_2)
FNF:3
FNH:3
FNDA:6,_interopRequireDefault
FNDA:5,(anonymous_1)
FNDA:1,(anonymous_2)
DA:1,6
DA:2,2
DA:3,2
DA:5,2
DA:7,2
DA:10,5
DA:14,1
LF:7
LH:7
BRDA:1,0,0,4
BRDA:1,0,1,2
BRDA:1,1,0,6
BRDA:1,1,1,6
BRF:4
BRH:4
end_of_record
TN:
SF:/home/marcos/projetos/verity/debcredAPI/src/app/core/businessOperation/PayableBo.js
FN:1,_interopRequireDefault
FN:6,(anonymous_1)
FN:11,(anonymous_2)
FN:20,(anonymous_3)
FNF:4
FNH:1
FNDA:6,_interopRequireDefault
FNDA:0,(anonymous_1)
FNDA:0,(anonymous_2)
FNDA:0,(anonymous_3)
DA:1,6
DA:2,2
DA:3,2
DA:7,0
DA:8,0
DA:12,0
DA:13,0
DA:16,0
DA:17,0
DA:21,0
DA:22,0
DA:26,0
DA:27,0
DA:31,2
LF:14
LH:4
BRDA:1,0,0,2
BRDA:1,0,1,4
BRDA:1,1,0,6
BRDA:1,1,1,6
BRF:4
BRH:4
end_of_record
TN:
SF:/home/marcos/projetos/verity/debcredAPI/src/app/core/businessOperation/SessionBo.js
FN:1,_interopRequireDefault
FN:9,(anonymous_1)
FN:14,(anonymous_2)
FN:29,(anonymous_3)
FNF:4
FNH:4
FNDA:12,_interopRequireDefault
FNDA:3,(anonymous_1)
FNDA:3,(anonymous_2)
FNDA:3,(anonymous_3)
DA:1,12
DA:2,2
DA:3,2
DA:4,2
DA:5,2
DA:6,2
DA:10,3
DA:11,3
DA:15,3
DA:16,3
DA:17,3
DA:18,3
DA:19,3
DA:30,3
DA:31,3
DA:32,3
DA:33,0
DA:38,3
DA:39,0
DA:44,3
DA:48,2
LF:21
LH:19
BRDA:1,0,0,2
BRDA:1,0,1,10
BRDA:1,1,0,12
BRDA:1,1,1,12
BRDA:32,2,0,0
BRDA:32,2,1,3
BRDA:38,3,0,0
BRDA:38,3,1,3
BRF:8
BRH:6
end_of_record
TN:
SF:/home/marcos/projetos/verity/debcredAPI/src/app/core/businessOperation/TransactionBo.js
FN:1,_interopRequireDefault
FN:13,(anonymous_1)
FN:19,(anonymous_2)
FN:57,(anonymous_3)
FN:73,(anonymous_4)
FNF:5
FNH:4
FNDA:20,_interopRequireDefault
FNDA:1,(anonymous_1)
FNDA:1,(anonymous_2)
FNDA:1,(anonymous_3)
FNDA:0,(anonymous_4)
DA:1,20
DA:2,2
DA:3,2
DA:4,2
DA:5,2
DA:6,2
DA:7,2
DA:8,2
DA:9,2
DA:10,2
DA:14,1
DA:15,1
DA:16,1
DA:20,1
DA:22,1
DA:23,1
DA:25,1
DA:27,0
DA:29,0
DA:34,0
DA:39,0
DA:40,0
DA:42,0
DA:43,0
DA:45,0
DA:51,0
DA:54,0
DA:58,1
DA:59,1
DA:60,1
DA:62,1
DA:66,1
DA:74,0
DA:75,0
DA:81,0
DA:82,0
DA:86,2
LF:37
LH:23
BRDA:1,0,0,4
BRDA:1,0,1,16
BRDA:1,1,0,20
BRDA:1,1,1,20
BRDA:62,2,0,1
BRDA:62,2,1,0
BRDA:63,3,0,1
BRDA:63,3,1,1
BRF:8
BRH:7
end_of_record
TN:
SF:/home/marcos/projetos/verity/debcredAPI/src/app/core/businessOperation/UserBo.js
FN:1,_interopRequireDefault
FN:7,(anonymous_1)
FN:12,(anonymous_2)
FN:23,(anonymous_3)
FN:31,(anonymous_4)
FN:42,(anonymous_5)
FNF:6
FNH:6
FNDA:8,_interopRequireDefault
FNDA:8,(anonymous_1)
FNDA:6,(anonymous_2)
FNDA:2,(anonymous_3)
FNDA:6,(anonymous_4)
FNDA:2,(anonymous_5)
DA:1,8
DA:2,2
DA:3,2
DA:4,2
DA:8,8
DA:9,8
DA:13,6
DA:14,6
DA:15,6
DA:16,5
DA:17,5
DA:18,5
DA:24,2
DA:25,2
DA:26,2
DA:27,2
DA:28,1
DA:32,6
DA:33,6
DA:34,6
DA:35,1
DA:43,2
DA:44,2
DA:45,2
DA:46,2
DA:47,1
DA:55,2
LF:27
LH:27
BRDA:1,0,0,2
BRDA:1,0,1,6
BRDA:1,1,0,8
BRDA:1,1,1,8
BRDA:34,2,0,1
BRDA:34,2,1,5
BRDA:46,3,0,1
BRDA:46,3,1,1
BRDA:46,4,0,2
BRDA:46,4,1,2
BRF:10
BRH:10
end_of_record
TN:
SF:/home/marcos/projetos/verity/debcredAPI/src/app/core/models/Payable.js
FN:1,_interopRequireDefault
FN:4,(anonymous_1)
FN:22,(anonymous_2)
FNF:3
FNH:3
FNDA:2,_interopRequireDefault
FNDA:2,(anonymous_1)
FNDA:2,(anonymous_2)
DA:1,2
DA:5,2
DA:19,2
DA:23,2
DA:24,2
DA:28,2
LF:6
LH:6
BRDA:1,0,0,0
BRDA:1,0,1,2
BRDA:1,1,0,2
BRDA:1,1,1,2
BRF:4
BRH:3
end_of_record
TN:
SF:/home/marcos/projetos/verity/debcredAPI/src/app/core/models/Transaction.js
FN:1,_interopRequireDefault
FN:4,(anonymous_1)
FN:20,(anonymous_2)
FN:29,(anonymous_3)
FNF:4
FNH:3
FNDA:2,_interopRequireDefault
FNDA:2,(anonymous_1)
FNDA:0,(anonymous_2)
FNDA:2,(anonymous_3)
DA:1,2
DA:5,2
DA:20,2
DA:21,0
DA:26,2
DA:30,2
DA:31,2
DA:35,2
LF:8
LH:7
BRDA:1,0,0,0
BRDA:1,0,1,2
BRDA:1,1,0,2
BRDA:1,1,1,2
BRF:4
BRH:3
end_of_record
TN:
SF:/home/marcos/projetos/verity/debcredAPI/src/app/core/models/User.js
FN:1,_interopRequireDefault
FN:5,(anonymous_1)
FN:18,(anonymous_2)
FN:27,(anonymous_3)
FN:32,(anonymous_4)
FNF:5
FNH:5
FNDA:4,_interopRequireDefault
FNDA:2,(anonymous_1)
FNDA:8,(anonymous_2)
FNDA:2,(anonymous_3)
FNDA:5,(anonymous_4)
DA:1,4
DA:2,2
DA:6,2
DA:18,2
DA:19,8
DA:20,7
DA:24,2
DA:28,2
DA:29,2
DA:33,5
DA:37,2
LF:11
LH:11
BRDA:1,0,0,0
BRDA:1,0,1,4
BRDA:1,1,0,4
BRDA:1,1,1,4
BRDA:19,2,0,7
BRDA:19,2,1,1
BRF:6
BRH:5
end_of_record
TN:
SF:/home/marcos/projetos/verity/debcredAPI/src/app/core/repositories/PayableRepository.js
FN:1,_interopRequireDefault
FN:8,(anonymous_1)
FN:24,(anonymous_2)
FN:39,(anonymous_3)
FNF:4
FNH:1
FNDA:10,_interopRequireDefault
FNDA:0,(anonymous_1)
FNDA:0,(anonymous_2)
FNDA:0,(anonymous_3)
DA:1,10
DA:2,2
DA:3,2
DA:4,2
DA:5,2
DA:9,0
DA:10,0
DA:11,0
DA:12,0
DA:13,0
DA:15,0
DA:16,0
DA:25,0
DA:26,0
DA:40,0
DA:41,0
DA:50,2
LF:17
LH:6
BRDA:1,0,0,2
BRDA:1,0,1,8
BRDA:1,1,0,10
BRDA:1,1,1,10
BRF:4
BRH:4
end_of_record
TN:
SF:/home/marcos/projetos/verity/debcredAPI/src/app/core/repositories/TransactionRepository.js
FN:1,_interopRequireDefault
FN:11,(anonymous_1)
FN:16,(anonymous_2)
FN:21,(anonymous_3)
FN:36,(anonymous_4)
FNF:5
FNH:1
FNDA:10,_interopRequireDefault
FNDA:0,(anonymous_1)
FNDA:0,(anonymous_2)
FNDA:0,(anonymous_3)
FNDA:0,(anonymous_4)
DA:1,10
DA:2,2
DA:3,2
DA:4,2
DA:5,2
DA:6,2
DA:8,2
DA:12,0
DA:13,0
DA:17,0
DA:18,0
DA:22,0
DA:23,0
DA:24,0
DA:25,0
DA:27,0
DA:28,0
DA:37,0
DA:38,0
DA:39,0
DA:42,0
DA:43,0
DA:47,0
DA:55,2
LF:24
LH:8
BRDA:1,0,0,4
BRDA:1,0,1,6
BRDA:1,1,0,10
BRDA:1,1,1,10
BRDA:42,2,0,0
BRDA:42,2,1,0
BRF:6
BRH:4
end_of_record
TN:
SF:/home/marcos/projetos/verity/debcredAPI/src/app/core/repositories/UserRepository.js
FN:1,_interopRequireDefault
FN:7,(anonymous_1)
FN:21,(anonymous_2)
FN:38,(anonymous_3)
FNF:4
FNH:4
FNDA:8,_interopRequireDefault
FNDA:6,(anonymous_1)
FNDA:2,(anonymous_2)
FNDA:11,(anonymous_3)
DA:1,8
DA:2,2
DA:3,2
DA:4,2
DA:8,6
DA:9,6
DA:10,6
DA:11,5
DA:13,1
DA:22,2
DA:23,2
DA:24,2
DA:27,2
DA:28,1
DA:30,1
DA:39,11
DA:40,11
DA:41,11
DA:42,9
DA:44,11
DA:45,2
DA:47,11
DA:53,2
LF:23
LH:23
BRDA:1,0,0,2
BRDA:1,0,1,6
BRDA:1,1,0,8
BRDA:1,1,1,8
BRDA:41,2,0,9
BRDA:41,2,1,2
BRDA:44,3,0,2
BRDA:44,3,1,9
BRF:8
BRH:8
end_of_record
TN:
SF:/home/marcos/projetos/verity/debcredAPI/src/app/transformers/payableTransformer.js
FN:1,(anonymous_0)
FN:2,(anonymous_1)
FN:3,(anonymous_2)
FN:22,(anonymous_3)
FNF:4
FNH:4
FNDA:4,(anonymous_0)
FNDA:3,(anonymous_1)
FNDA:4,(anonymous_2)
FNDA:1,(anonymous_3)
DA:1,3
DA:2,4
DA:3,4
DA:4,4
DA:13,4
DA:14,2
DA:16,4
DA:17,2
DA:19,4
DA:22,3
DA:23,1
DA:31,3
LF:12
LH:12
BRDA:13,0,0,2
BRDA:13,0,1,2
BRDA:16,1,0,2
BRDA:16,1,1,2
BRF:4
BRH:4
end_of_record
TN:
SF:/home/marcos/projetos/verity/debcredAPI/src/app/transformers/transactionTransformer.js
FN:1,(anonymous_0)
FN:15,(anonymous_1)
FNF:2
FNH:2
FNDA:2,(anonymous_0)
FNDA:1,(anonymous_1)
DA:1,3
DA:2,2
DA:15,3
DA:20,3
LF:4
LH:4
BRF:0
BRH:0
end_of_record
TN:
SF:/home/marcos/projetos/verity/debcredAPI/src/app/utils/paymentDate.js
FN:1,_interopRequireDefault
FNF:1
FNH:1
FNDA:2,_interopRequireDefault
DA:1,2
DA:3,2
LF:2
LH:2
BRDA:1,0,0,0
BRDA:1,0,1,2
BRDA:1,1,0,2
BRDA:1,1,1,2
BRF:4
BRH:3
end_of_record
TN:
SF:/home/marcos/projetos/verity/debcredAPI/src/app/utils/paymentFee.js
FNF:0
FNH:0
DA:1,2
LF:1
LH:1
BRF:0
BRH:0
end_of_record
TN:
SF:/home/marcos/projetos/verity/debcredAPI/src/app/utils/paymentStatus.js
FNF:0
FNH:0
DA:1,2
LF:1
LH:1
BRF:0
BRH:0
end_of_record
